2024-02-26 19:22:28,249 - INFO - EPOCH: 0
2024-02-26 19:22:28,250 - INFO - Train
2024-02-26 19:22:28,261 - INFO - Batch
2024-02-26 19:22:28,324 - INFO - Batch
2024-02-26 19:22:28,335 - INFO - test
2024-02-26 19:22:28,336 - INFO - testbatch
2024-02-26 19:22:28,338 - INFO - AVG Loss: 5.3482279777526855
2024-02-26 19:22:28,338 - INFO - EPOCH: 1
2024-02-26 19:22:28,338 - INFO - Train
2024-02-26 19:22:28,340 - INFO - Batch
2024-02-26 19:22:28,351 - INFO - Batch
2024-02-26 19:22:28,361 - INFO - test
2024-02-26 19:22:28,361 - INFO - testbatch
2024-02-26 19:22:28,362 - INFO - AVG Loss: 1.0596280097961426
2024-02-26 19:22:28,362 - INFO - EPOCH: 2
2024-02-26 19:22:28,364 - INFO - Train
2024-02-26 19:22:28,365 - INFO - Batch
2024-02-26 19:22:28,376 - INFO - Batch
2024-02-26 19:22:28,386 - INFO - test
2024-02-26 19:22:28,386 - INFO - testbatch
2024-02-26 19:22:28,389 - INFO - AVG Loss: 0.4792536497116089
2024-02-26 19:22:28,389 - INFO - EPOCH: 3
2024-02-26 19:22:28,389 - INFO - Train
2024-02-26 19:22:28,390 - INFO - Batch
2024-02-26 19:22:28,402 - INFO - Batch
2024-02-26 19:22:28,412 - INFO - test
2024-02-26 19:22:28,413 - INFO - testbatch
2024-02-26 19:22:28,415 - INFO - AVG Loss: 0.3914830982685089
2024-02-26 19:22:28,415 - INFO - EPOCH: 4
2024-02-26 19:22:28,415 - INFO - Train
2024-02-26 19:22:28,417 - INFO - Batch
2024-02-26 19:22:28,430 - INFO - Batch
2024-02-26 19:22:28,440 - INFO - test
2024-02-26 19:22:28,440 - INFO - testbatch
2024-02-26 19:22:28,443 - INFO - AVG Loss: 0.36822476983070374
2024-02-26 19:22:28,443 - INFO - EPOCH: 5
2024-02-26 19:22:28,443 - INFO - Train
2024-02-26 19:22:28,445 - INFO - Batch
2024-02-26 19:22:28,455 - INFO - Batch
2024-02-26 19:22:28,464 - INFO - test
2024-02-26 19:22:28,465 - INFO - testbatch
2024-02-26 19:22:28,466 - INFO - AVG Loss: 0.38002118468284607
2024-02-26 19:22:28,467 - INFO - EPOCH: 6
2024-02-26 19:22:28,467 - INFO - Train
2024-02-26 19:22:28,468 - INFO - Batch
2024-02-26 19:22:28,479 - INFO - Batch
2024-02-26 19:22:28,488 - INFO - test
2024-02-26 19:22:28,489 - INFO - testbatch
2024-02-26 19:22:28,491 - INFO - AVG Loss: 0.38953256607055664
2024-02-26 19:22:28,491 - INFO - EPOCH: 7
2024-02-26 19:22:28,491 - INFO - Train
2024-02-26 19:22:28,491 - INFO - Batch
2024-02-26 19:22:28,503 - INFO - Batch
2024-02-26 19:22:28,534 - INFO - test
2024-02-26 19:22:28,535 - INFO - testbatch
2024-02-26 19:22:28,537 - INFO - AVG Loss: 0.38537681102752686
2024-02-26 19:22:28,537 - INFO - EPOCH: 8
2024-02-26 19:22:28,537 - INFO - Train
2024-02-26 19:22:28,538 - INFO - Batch
2024-02-26 19:22:28,551 - INFO - Batch
2024-02-26 19:22:28,560 - INFO - test
2024-02-26 19:22:28,561 - INFO - testbatch
2024-02-26 19:22:28,562 - INFO - AVG Loss: 0.38981693983078003
2024-02-26 19:22:28,563 - INFO - EPOCH: 9
2024-02-26 19:22:28,563 - INFO - Train
2024-02-26 19:22:28,564 - INFO - Batch
2024-02-26 19:22:28,575 - INFO - Batch
2024-02-26 19:22:28,584 - INFO - test
2024-02-26 19:22:28,585 - INFO - testbatch
2024-02-26 19:22:28,587 - INFO - AVG Loss: 0.4042593240737915
2024-02-26 19:22:28,588 - INFO - VALID
2024-02-26 19:22:28,588 - INFO - testbatch
2024-02-26 19:22:28,589 - INFO - AVG Loss: 0.3801688253879547
2024-02-26 19:25:25,750 - INFO - EPOCH: 0
2024-02-26 19:25:25,751 - INFO - Train
2024-02-26 19:25:25,755 - INFO - Batch
2024-02-26 19:25:25,776 - INFO - Batch
2024-02-26 19:25:25,786 - INFO - test
2024-02-26 19:25:25,787 - INFO - testbatch
2024-02-26 19:25:25,788 - INFO - AVG Loss: 4.156283378601074
2024-02-26 19:25:25,789 - INFO - EPOCH: 1
2024-02-26 19:25:25,789 - INFO - Train
2024-02-26 19:25:25,790 - INFO - Batch
2024-02-26 19:25:25,799 - INFO - Batch
2024-02-26 19:25:25,807 - INFO - test
2024-02-26 19:25:25,808 - INFO - testbatch
2024-02-26 19:25:25,809 - INFO - AVG Loss: 0.6578459739685059
2024-02-26 19:25:25,809 - INFO - EPOCH: 2
2024-02-26 19:25:25,810 - INFO - Train
2024-02-26 19:25:25,811 - INFO - Batch
2024-02-26 19:25:25,822 - INFO - Batch
2024-02-26 19:25:25,832 - INFO - test
2024-02-26 19:25:25,833 - INFO - testbatch
2024-02-26 19:25:25,835 - INFO - AVG Loss: 0.5770962834358215
2024-02-26 19:25:25,835 - INFO - EPOCH: 3
2024-02-26 19:25:25,835 - INFO - Train
2024-02-26 19:25:25,836 - INFO - Batch
2024-02-26 19:25:25,847 - INFO - Batch
2024-02-26 19:25:25,855 - INFO - test
2024-02-26 19:25:25,855 - INFO - testbatch
2024-02-26 19:25:25,858 - INFO - AVG Loss: 0.49898749589920044
2024-02-26 19:25:25,858 - INFO - EPOCH: 4
2024-02-26 19:25:25,858 - INFO - Train
2024-02-26 19:25:25,860 - INFO - Batch
2024-02-26 19:25:25,871 - INFO - Batch
2024-02-26 19:25:25,880 - INFO - test
2024-02-26 19:25:25,880 - INFO - testbatch
2024-02-26 19:25:25,882 - INFO - AVG Loss: 0.4234640896320343
2024-02-26 19:25:25,883 - INFO - EPOCH: 5
2024-02-26 19:25:25,883 - INFO - Train
2024-02-26 19:25:25,884 - INFO - Batch
2024-02-26 19:25:25,894 - INFO - Batch
2024-02-26 19:25:25,904 - INFO - test
2024-02-26 19:25:25,905 - INFO - testbatch
2024-02-26 19:25:25,907 - INFO - AVG Loss: 0.4293555021286011
2024-02-26 19:25:25,907 - INFO - EPOCH: 6
2024-02-26 19:25:25,907 - INFO - Train
2024-02-26 19:25:25,908 - INFO - Batch
2024-02-26 19:25:25,919 - INFO - Batch
2024-02-26 19:25:25,929 - INFO - test
2024-02-26 19:25:25,929 - INFO - testbatch
2024-02-26 19:25:25,931 - INFO - AVG Loss: 0.43171226978302
2024-02-26 19:25:25,931 - INFO - EPOCH: 7
2024-02-26 19:25:25,931 - INFO - Train
2024-02-26 19:25:25,932 - INFO - Batch
2024-02-26 19:25:25,944 - INFO - Batch
2024-02-26 19:25:25,955 - INFO - test
2024-02-26 19:25:25,955 - INFO - testbatch
2024-02-26 19:25:25,957 - INFO - AVG Loss: 0.40949344635009766
2024-02-26 19:25:25,957 - INFO - EPOCH: 8
2024-02-26 19:25:25,957 - INFO - Train
2024-02-26 19:25:25,958 - INFO - Batch
2024-02-26 19:25:25,971 - INFO - Batch
2024-02-26 19:25:25,979 - INFO - test
2024-02-26 19:25:25,980 - INFO - testbatch
2024-02-26 19:25:25,985 - INFO - AVG Loss: 0.3944748342037201
2024-02-26 19:25:25,986 - INFO - EPOCH: 9
2024-02-26 19:25:25,986 - INFO - Train
2024-02-26 19:25:25,987 - INFO - Batch
2024-02-26 19:25:25,998 - INFO - Batch
2024-02-26 19:25:26,006 - INFO - test
2024-02-26 19:25:26,007 - INFO - testbatch
2024-02-26 19:25:26,008 - INFO - AVG Loss: 0.391288697719574
2024-02-26 19:25:26,009 - INFO - VALID
2024-02-26 19:25:26,009 - INFO - testbatch
2024-02-26 19:25:26,011 - INFO - AVG Loss: 0.4104064702987671
